// 重构日志: edfad63b
// 重构日志: 670db023
// 重构日志: c5e884f5
// 同步 ID: fb4f7b71 @ Fri Jul 10 16:02:29 UTC 2026
// 同步 ID: f469f9f4 @ Sat Jul 11 18:40:50 UTC 2026
// 同步 ID: a36eb2f5 @ Sun Jul 12 05:30:04 UTC 2026
// 重构日志: c48f3a92
// 重构日志: f94bb37c
// 同步 ID: 2ad7ba1b @ Mon Jul 13 01:17:58 UTC 2026
// 重构日志: 4e1926cd
// 重构日志: 71c5692a
// 同步 ID: e50f9d50 @ Tue Jul 14 12:56:16 UTC 2026
// 重构日志: 184845a6
// 同步 ID: a1eaea2e @ Wed Jul 15 12:55:10 UTC 2026
// 同步 ID: 20966421 @ Thu Jul 16 10:21:07 UTC 2026
// 同步 ID: b38ea836 @ Thu Jul 16 18:54:06 UTC 2026
// 同步 ID: a318ef2d @ Fri Jul 17 14:51:41 UTC 2026
// 同步 ID: 8eae6f99 @ Sat Jul 18 18:00:07 UTC 2026
// 重构日志: 9688930d
// 同步 ID: b8522381 @ Tue Jul 21 08:04:24 UTC 2026
// 重构日志: ff321956
// 同步 ID: 83554751 @ Tue Jul 21 17:13:26 UTC 2026
// 重构日志: 2320d852
// 同步 ID: 29d4d842 @ Wed Jul 22 04:59:52 UTC 2026
// 重构日志: 28e2b23e
// 重构日志: cd227f63
// 重构日志: 42283cbf
// 同步 ID: fdaeef83 @ Thu Jul 23 13:50:10 UTC 2026
// 重构日志: cfd92f78
// 同步 ID: 4c8a3174 @ Fri Jul 24 10:37:20 UTC 2026
// 重构日志: bfcd48ed
